<?xml version="1.0" encoding="UTF-8"?>
<testng-results ignored="0" total="1" passed="1" failed="0" skipped="0">
  <reporter-output>
  </reporter-output>
  <suite started-at="2024-12-11T22:22:11 IST" name="Default suite" finished-at="2024-12-11T22:22:44 IST" duration-ms="32831">
    <groups>
    </groups>
    <test started-at="2024-12-11T22:22:11 IST" name="Default test" finished-at="2024-12-11T22:22:44 IST" duration-ms="32831">
      <class name="practice.testNG.DebugPractice">
        <test-method is-config="true" signature="configBS()[pri:0, instance:practice.testNG.DebugPractice@74f0ea28]" started-at="2024-12-11T22:22:10 IST" name="configBS" finished-at="2024-12-11T22:22:11 IST" duration-ms="782" status="PASS">
          <reporter-output>
          </reporter-output>
        </test-method> <!-- configBS -->
        <test-method is-config="true" signature="configBC()[pri:0, instance:practice.testNG.DebugPractice@74f0ea28]" started-at="2024-12-11T22:22:11 IST" name="configBC" finished-at="2024-12-11T22:22:19 IST" duration-ms="7737" status="PASS">
          <reporter-output>
          </reporter-output>
        </test-method> <!-- configBC -->
        <test-method is-config="true" signature="configBM()[pri:0, instance:practice.testNG.DebugPractice@74f0ea28]" started-at="2024-12-11T22:22:19 IST" name="configBM" finished-at="2024-12-11T22:22:24 IST" duration-ms="5099" status="PASS">
          <reporter-output>
          </reporter-output>
        </test-method> <!-- configBM -->
        <test-method signature="createContactTest()[pri:0, instance:practice.testNG.DebugPractice@74f0ea28]" started-at="2024-12-11T22:22:24 IST" name="createContactTest" finished-at="2024-12-11T22:22:40 IST" duration-ms="16554" status="PASS">
          <reporter-output>
          </reporter-output>
        </test-method> <!-- createContactTest -->
        <test-method is-config="true" signature="congigAM()[pri:0, instance:practice.testNG.DebugPractice@74f0ea28]" started-at="2024-12-11T22:22:40 IST" name="congigAM" finished-at="2024-12-11T22:22:43 IST" duration-ms="2902" status="PASS">
          <reporter-output>
          </reporter-output>
        </test-method> <!-- congigAM -->
        <test-method is-config="true" signature="configAC()[pri:0, instance:practice.testNG.DebugPractice@74f0ea28]" started-at="2024-12-11T22:22:43 IST" name="configAC" finished-at="2024-12-11T22:22:44 IST" duration-ms="479" status="PASS">
          <reporter-output>
          </reporter-output>
        </test-method> <!-- configAC -->
        <test-method is-config="true" signature="configAS()[pri:0, instance:practice.testNG.DebugPractice@74f0ea28]" started-at="2024-12-11T22:22:44 IST" name="configAS" finished-at="2024-12-11T22:22:44 IST" duration-ms="1" status="PASS">
          <reporter-output>
          </reporter-output>
        </test-method> <!-- configAS -->
      </class> <!-- practice.testNG.DebugPractice -->
    </test> <!-- Default test -->
  </suite> <!-- Default suite -->
</testng-results>
